This is pdfTeX, Version 3.14159265-2.6-1.40.20 (MiKTeX 2.9.7050 64-bit) (preloaded format=pdflatex 2019.4.21)  17 FEB 2020 14:01
entering extended mode
**./main.tex
(main.tex
LaTeX2e <2018-12-01>
(interact.cls
Document Class: interact 2017/07/31 v1.05 Interact LaTeX document class
(D:\MiKTex\tex/latex/base\article.cls
Document Class: article 2018/09/03 v1.4i Standard LaTeX document class
(D:\MiKTex\tex/latex/base\size11.clo
File: size11.clo 2018/09/03 v1.4i Standard LaTeX file (size option)
)
\c@part=\count80
\c@section=\count81
\c@subsection=\count82
\c@subsubsection=\count83
\c@paragraph=\count84
\c@subparagraph=\count85
\c@figure=\count86
\c@table=\count87
\abovecaptionskip=\skip41
\belowcaptionskip=\skip42
\bibindent=\dimen102
) (D:\MiKTex\tex/latex/amsmath\amsmath.sty
Package: amsmath 2018/12/01 v2.17b AMS math features
\@mathmargin=\skip43
For additional information on amsmath, use the `?' option.
(D:\MiKTex\tex/latex/amsmath\amstext.sty
Package: amstext 2000/06/29 v2.01 AMS text

(D:\MiKTex\tex/latex/amsmath\amsgen.sty
File: amsgen.sty 1999/11/30 v2.0 generic functions
\@emptytoks=\toks14
\ex@=\dimen103
))
(D:\MiKTex\tex/latex/amsmath\amsbsy.sty
Package: amsbsy 1999/11/29 v1.2d Bold Symbols
\pmbraise@=\dimen104
)
(D:\MiKTex\tex/latex/amsmath\amsopn.sty
Package: amsopn 2016/03/08 v2.02 operator names
)
\inf@bad=\count88
LaTeX Info: Redefining \frac on input line 223.
\uproot@=\count89
\leftroot@=\count90
LaTeX Info: Redefining \overline on input line 385.
\classnum@=\count91
\DOTSCASE@=\count92
LaTeX Info: Redefining \ldots on input line 482.
LaTeX Info: Redefining \dots on input line 485.
LaTeX Info: Redefining \cdots on input line 606.
\Mathstrutbox@=\box27
\strutbox@=\box28
\big@size=\dimen105
LaTeX Font Info:    Redeclaring font encoding OML on input line 729.
LaTeX Font Info:    Redeclaring font encoding OMS on input line 730.
\macc@depth=\count93
\c@MaxMatrixCols=\count94
\dotsspace@=\muskip10
\c@parentequation=\count95
\dspbrk@lvl=\count96
\tag@help=\toks15
\row@=\count97
\column@=\count98
\maxfields@=\count99
\andhelp@=\toks16
\eqnshift@=\dimen106
\alignsep@=\dimen107
\tagshift@=\dimen108
\tagwidth@=\dimen109
\totwidth@=\dimen110
\lineht@=\dimen111
\@envbody=\toks17
\multlinegap=\skip44
\multlinetaggap=\skip45
\mathdisplay@stack=\toks18
LaTeX Info: Redefining \[ on input line 2844.
LaTeX Info: Redefining \] on input line 2845.
)
(D:\MiKTex\tex/latex/amsfonts\amssymb.sty
Package: amssymb 2013/01/14 v3.01 AMS font symbols

(D:\MiKTex\tex/latex/amsfonts\amsfonts.sty
Package: amsfonts 2013/01/14 v3.01 Basic AMSFonts support
\symAMSa=\mathgroup4
\symAMSb=\mathgroup5
LaTeX Font Info:    Overwriting math alphabet `\mathfrak' in version `bold'
(Font)                  U/euf/m/n --> U/euf/b/n on input line 106.
))
(D:\MiKTex\tex/latex/amscls\amsthm.sty
Package: amsthm 2017/10/31 v2.20.4
\thm@style=\toks19
\thm@bodyfont=\toks20
\thm@headfont=\toks21
\thm@notefont=\toks22
\thm@headpunct=\toks23
\thm@preskip=\skip46
\thm@postskip=\skip47
\thm@headsep=\skip48
\dth@everypar=\toks24
) (booktabs.sty
Package: booktabs 2005/04/14 v1.61803 publication quality tables
\heavyrulewidth=\dimen112
\lightrulewidth=\dimen113
\cmidrulewidth=\dimen114
\belowrulesep=\dimen115
\belowbottomsep=\dimen116
\aboverulesep=\dimen117
\abovetopsep=\dimen118
\cmidrulesep=\dimen119
\cmidrulekern=\dimen120
\defaultaddspace=\dimen121
\@cmidla=\count100
\@cmidlb=\count101
\@aboverulesep=\dimen122
\@belowrulesep=\dimen123
\@thisruleclass=\count102
\@lastruleclass=\count103
\@thisrulewidth=\dimen124
) (epsfig.sty
Package: epsfig 1999/02/16 v1.7a (e)psfig emulation (SPQR)

(D:\MiKTex\tex/latex/graphics\graphicx.sty
Package: graphicx 2017/06/01 v1.1a Enhanced LaTeX Graphics (DPC,SPQR)

(D:\MiKTex\tex/latex/graphics\keyval.sty
Package: keyval 2014/10/28 v1.15 key=value parser (DPC)
\KV@toks@=\toks25
)
(D:\MiKTex\tex/latex/graphics\graphics.sty
Package: graphics 2017/06/25 v1.2c Standard LaTeX Graphics (DPC,SPQR)

(D:\MiKTex\tex/latex/graphics\trig.sty
Package: trig 2016/01/03 v1.10 sin cos tan (DPC)
)
(D:\MiKTex\tex/latex/graphics-cfg\graphics.cfg
File: graphics.cfg 2016/06/04 v1.11 sample graphics configuration
)
Package graphics Info: Driver file: pdftex.def on input line 99.

(D:\MiKTex\tex/latex/graphics-def\pdftex.def
File: pdftex.def 2018/01/08 v1.0l Graphics/color driver for pdftex
))
\Gin@req@height=\dimen125
\Gin@req@width=\dimen126
)
\epsfxsize=\dimen127
\epsfysize=\dimen128
) (rotating.sty
Package: rotating 1997/09/26, v2.13 Rotation package

(D:\MiKTex\tex/latex/base\ifthen.sty
Package: ifthen 2014/09/29 v1.1c Standard LaTeX ifthen package (DPC)
)
\c@r@tfl@t=\count104
\rot@float@box=\box29
)
(D:\MiKTex\tex/latex/geometry\geometry.sty
Package: geometry 2018/04/16 v5.8 Page Geometry

(D:\MiKTex\tex/generic/oberdiek\ifpdf.sty
Package: ifpdf 2018/09/07 v3.3 Provides the ifpdf switch
)
(D:\MiKTex\tex/generic/oberdiek\ifvtex.sty
Package: ifvtex 2016/05/16 v1.6 Detect VTeX and its facilities (HO)
Package ifvtex Info: VTeX not detected.
)
(D:\MiKTex\tex/generic/ifxetex\ifxetex.sty
Package: ifxetex 2010/09/12 v0.6 Provides ifxetex conditional
)
\Gm@cnth=\count105
\Gm@cntv=\count106
\c@Gm@tempcnt=\count107
\Gm@bindingoffset=\dimen129
\Gm@wd@mp=\dimen130
\Gm@odd@mp=\dimen131
\Gm@even@mp=\dimen132
\Gm@layoutwidth=\dimen133
\Gm@layoutheight=\dimen134
\Gm@layouthoffset=\dimen135
\Gm@layoutvoffset=\dimen136
\Gm@dimlist=\toks26

(D:\MiKTex\tex/latex/geometry\geometry.cfg))
\c@mv@upright=\count108
\c@mv@boldupright=\count109
LaTeX Font Info:    Overwriting symbol font `letters' in version `upright'
(Font)                  OML/cmm/m/it --> OML/eur/m/n on input line 163.
LaTeX Font Info:    Overwriting symbol font `letters' in version `boldupright'
(Font)                  OML/cmm/m/it --> OML/eur/b/n on input line 164.
\LabelSep=\dimen137
\TopSep=\skip49
\figheight=\dimen138
\figwidth=\dimen139
\tabledim=\dimen140
)
("C:\Users\CJ Duan\AppData\Roaming\MiKTeX\2.9\tex/latex/apacite\apacite.sty"
Package: apacite 2013/07/21 v6.03 APA citation
\c@BibCnt=\count110
\bibleftmargin=\skip50
\bibindent=\skip51
\bibparsep=\skip52
\bibitemsep=\skip53
\biblabelsep=\skip54
)
(natbib.sty
Package: natbib 2010/09/13 8.31b (PWD, AO)
\bibhang=\skip55
\bibsep=\skip56
LaTeX Info: Redefining \cite on input line 694.
\c@NAT@ctr=\count111
)
LaTeX Info: Redefining \BBA on input line 17.
\c@theorem=\count112
\c@remark=\count113
\c@notation=\count114
 (main.aux)
\openout1 = `main.aux'.

LaTeX Font Info:    Checking defaults for OML/cmm/m/it on input line 38.
LaTeX Font Info:    ... okay on input line 38.
LaTeX Font Info:    Checking defaults for T1/cmr/m/n on input line 38.
LaTeX Font Info:    ... okay on input line 38.
LaTeX Font Info:    Checking defaults for OT1/cmr/m/n on input line 38.
LaTeX Font Info:    ... okay on input line 38.
LaTeX Font Info:    Checking defaults for OMS/cmsy/m/n on input line 38.
LaTeX Font Info:    ... okay on input line 38.
LaTeX Font Info:    Checking defaults for OMX/cmex/m/n on input line 38.
LaTeX Font Info:    ... okay on input line 38.
LaTeX Font Info:    Checking defaults for U/cmr/m/n on input line 38.
LaTeX Font Info:    ... okay on input line 38.

("C:\Users\CJ Duan\AppData\Roaming\MiKTeX\2.9\tex/context/base\supp-pdf.mkii"
[Loading MPS to PDF converter (version 2006.09.02).]
\scratchcounter=\count115
\scratchdimen=\dimen141
\scratchbox=\box30
\nofMPsegments=\count116
\nofMParguments=\count117
\everyMPshowfont=\toks27
\MPscratchCnt=\count118
\MPscratchDim=\dimen142
\MPnumerator=\count119
\makeMPintoPDFobject=\count120
\everyMPtoPDFconversion=\toks28
) (D:\MiKTex\tex/latex/oberdiek\epstopdf-base.sty
Package: epstopdf-base 2016/05/15 v2.6 Base part for package epstopdf

(D:\MiKTex\tex/generic/oberdiek\infwarerr.sty
Package: infwarerr 2016/05/16 v1.4 Providing info/warning/error messages (HO)
)
(D:\MiKTex\tex/latex/oberdiek\grfext.sty
Package: grfext 2016/05/16 v1.2 Manage graphics extensions (HO)

(D:\MiKTex\tex/generic/oberdiek\kvdefinekeys.sty
Package: kvdefinekeys 2016/05/16 v1.4 Define keys (HO)

(D:\MiKTex\tex/generic/oberdiek\ltxcmds.sty
Package: ltxcmds 2016/05/16 v1.23 LaTeX kernel commands for general use (HO)
)))
(D:\MiKTex\tex/latex/oberdiek\kvoptions.sty
Package: kvoptions 2016/05/16 v3.12 Key value format for package options (HO)

(D:\MiKTex\tex/generic/oberdiek\kvsetkeys.sty
Package: kvsetkeys 2016/05/16 v1.17 Key value parser (HO)

(D:\MiKTex\tex/generic/oberdiek\etexcmds.sty
Package: etexcmds 2016/05/16 v1.6 Avoid name clashes with e-TeX commands (HO)

(D:\MiKTex\tex/generic/oberdiek\ifluatex.sty
Package: ifluatex 2016/05/16 v1.4 Provides the ifluatex switch (HO)
Package ifluatex Info: LuaTeX not detected.
))))
(D:\MiKTex\tex/generic/oberdiek\pdftexcmds.sty
Package: pdftexcmds 2018/09/10 v0.29 Utility functions of pdfTeX for LuaTeX (HO
)
Package pdftexcmds Info: LuaTeX not detected.
Package pdftexcmds Info: \pdf@primitive is available.
Package pdftexcmds Info: \pdf@ifprimitive is available.
Package pdftexcmds Info: \pdfdraftmode found.
)
Package epstopdf-base Info: Redefining graphics rule for `.eps' on input line 4
38.
Package grfext Info: Graphics extension search list:
(grfext)             [.pdf,.png,.jpg,.mps,.jpeg,.jbig2,.jb2,.PDF,.PNG,.JPG,.JPE
G,.JBIG2,.JB2,.eps]
(grfext)             \AppendGraphicsExtensions on input line 456.
)
*geometry* driver: auto-detecting
*geometry* detected driver: pdftex
*geometry* verbose mode - [ preamble ] result:
* driver: pdftex
* paper: <default>
* layout: <same size as paper>
* layoutoffset:(h,v)=(0.0pt,0.0pt)
* modes: 
* h-part:(L,W,R)=(94.75394pt, 408.0pt, 94.75394pt)
* v-part:(T,H,B)=(78.01874pt, 650.0pt, 117.0281pt)
* \paperwidth=597.50787pt
* \paperheight=845.04684pt
* \textwidth=408.0pt
* \textheight=650.0pt
* \oddsidemargin=22.48395pt
* \evensidemargin=22.48395pt
* \topmargin=-31.25125pt
* \headheight=12.0pt
* \headsep=25.0pt
* \topskip=11.0pt
* \footskip=30.0pt
* \marginparwidth=50.0pt
* \marginparsep=10.0pt
* \columnsep=12.0pt
* \skip\footins=10.0pt plus 4.0pt minus 2.0pt
* \hoffset=0.0pt
* \voffset=0.0pt
* \mag=1000
* \@twocolumnfalse
* \@twosidefalse
* \@mparswitchfalse
* \@reversemarginfalse
* (1in=72.27pt=25.4mm, 1cm=28.453pt)

\c@maskedRefs=\count121
("C:\Users\CJ Duan\AppData\Roaming\MiKTeX\2.9\tex/latex/apacite\english.apc"
File: english.apc 2013/07/21 v6.03 apacite language file
LaTeX Info: Redefining \BPBI on input line 129.
LaTeX Info: Redefining \BHBI on input line 130.
)

LaTeX Font Warning: Font shape `OT1/cmr/m/n' in size <13> not available
(Font)              size <12> substituted on input line 51.


LaTeX Font Warning: Font shape `OT1/cmr/bx/n' in size <13> not available
(Font)              size <12> substituted on input line 51.

LaTeX Font Info:    Calculating math sizes for size <11> on input line 51.

LaTeX Font Warning: Font shape `OT1/cmr/m/n' in size <5.5> not available
(Font)              size <5> substituted on input line 51.


LaTeX Font Warning: Font shape `OML/cmm/m/it' in size <5.5> not available
(Font)              size <5> substituted on input line 51.


LaTeX Font Warning: Font shape `OMS/cmsy/m/n' in size <5.5> not available
(Font)              size <5> substituted on input line 51.

LaTeX Font Info:    Try loading font information for U+msa on input line 51.
(D:\MiKTex\tex/latex/amsfonts\umsa.fd
File: umsa.fd 2013/01/14 v3.01 AMS symbols A
)
LaTeX Font Info:    Try loading font information for U+msb on input line 51.
 (D:\MiKTex\tex/latex/amsfonts\umsb.fd
File: umsb.fd 2013/01/14 v3.01 AMS symbols B
)

LaTeX Warning: No \author given.

[1



{C:/Users/CJ Duan/AppData/Local/MiKTeX/2.9/pdftex/config/pdftex.map}]
[2] [3] [4]
<HFA_Posterior_Sport.pdf, id=25, 794.97pt x 614.295pt>
File: HFA_Posterior_Sport.pdf Graphic file (type pdf)
<use HFA_Posterior_Sport.pdf>
Package pdftex.def Info: HFA_Posterior_Sport.pdf  used on input line 240.
(pdftex.def)             Requested size: 367.19751pt x 283.7508pt.
<HFA_Posterior_La_Liga.pdf, id=26, 794.97pt x 614.295pt>
File: HFA_Posterior_La_Liga.pdf Graphic file (type pdf)
<use HFA_Posterior_La_Liga.pdf>
Package pdftex.def Info: HFA_Posterior_La_Liga.pdf  used on input line 254.
(pdftex.def)             Requested size: 367.19751pt x 283.7508pt.
<HFA_Posterior_Serie_A.pdf, id=27, 794.97pt x 614.295pt>
File: HFA_Posterior_Serie_A.pdf Graphic file (type pdf)
<use HFA_Posterior_Serie_A.pdf>
Package pdftex.def Info: HFA_Posterior_Serie_A.pdf  used on input line 262.
(pdftex.def)             Requested size: 367.19751pt x 283.7508pt.
<HFA_Posterior_Ligue_1.pdf, id=28, 794.97pt x 614.295pt>
File: HFA_Posterior_Ligue_1.pdf Graphic file (type pdf)
<use HFA_Posterior_Ligue_1.pdf>
Package pdftex.def Info: HFA_Posterior_Ligue_1.pdf  used on input line 270.
(pdftex.def)             Requested size: 367.19751pt x 283.7508pt.
<HFA_Posterior_Bundesliga.pdf, id=29, 794.97pt x 614.295pt>
File: HFA_Posterior_Bundesliga.pdf Graphic file (type pdf)
<use HFA_Posterior_Bundesliga.pdf>
Package pdftex.def Info: HFA_Posterior_Bundesliga.pdf  used on input line 278.
(pdftex.def)             Requested size: 367.19751pt x 283.7508pt.
 [5] [6 <./HFA_Posterior_Sport.pdf> <./HFA_Posterior_La_Liga.pdf>]
[7 <./HFA_Posterior_Serie_A.pdf> <./HFA_Posterior_Ligue_1.pdf>]
<HFA_Posterior_EPL.pdf, id=63, 794.97pt x 614.295pt>
File: HFA_Posterior_EPL.pdf Graphic file (type pdf)
<use HFA_Posterior_EPL.pdf>
Package pdftex.def Info: HFA_Posterior_EPL.pdf  used on input line 288.
(pdftex.def)             Requested size: 367.19751pt x 283.7508pt.
 [8 <./HFA_Posterior_Bundesliga.pdf>] [9 <./HFA_Posterior_EPL.pdf>] [10] (main.
bbl
Underfull \hbox (badness 4144) in paragraph at lines 14--29
[]\OT1/cmr/m/n/10 Atkins, C.  (2013).  How much does home-field ad-van-tage mat
-ter in soc-cer?
 []


Underfull \hbox (badness 10000) in paragraph at lines 357--376
[]\OT1/cmr/m/n/10 Karlis, D., & Nt-zoufras, I.  (2003).  Anal-y-sis of sports d
ata by us-
 []


Underfull \hbox (badness 10000) in paragraph at lines 357--376
\OT1/cmr/m/n/10 ing bi-vari-ate pois-son mod-els.  \OT1/cmr/m/it/10 Jour-nal of
 the Royal Sta-tis-ti-cal So-
 []


Underfull \hbox (badness 10000) in paragraph at lines 357--376
\OT1/cmr/m/it/10 ci-ety: Se-ries D (The Statis-ti-cian)\OT1/cmr/m/n/10 , \OT1/c
mr/m/it/10 52\OT1/cmr/m/n/10 (3), 381-393.  Re-trieved from
 []

) [11] (main.aux)

LaTeX Font Warning: Size substitutions with differences
(Font)              up to 1.0pt have occurred.

 ) 
Here is how much of TeX's memory you used:
 4194 strings out of 492902
 53763 string characters out of 3141926
 135735 words of memory out of 3000000
 8023 multiletter control sequences out of 15000+200000
 12909 words of font info for 50 fonts, out of 3000000 for 9000
 1141 hyphenation exceptions out of 8191
 41i,9n,29p,1194b,237s stack positions out of 5000i,500n,10000p,200000b,50000s
<D:/MiKTex/fonts/type1/public/amsfonts/cm/cmbx10.pfb><D:/MiKTex/fonts/type1/p
ublic/amsfonts/cm/cmbx12.pfb><D:/MiKTex/fonts/type1/public/amsfonts/cm/cmbx8.pf
b><D:/MiKTex/fonts/type1/public/amsfonts/cm/cmbx9.pfb><D:/MiKTex/fonts/type1/pu
blic/amsfonts/cm/cmex10.pfb><D:/MiKTex/fonts/type1/public/amsfonts/cm/cmmi10.pf
b><D:/MiKTex/fonts/type1/public/amsfonts/cm/cmmi6.pfb><D:/MiKTex/fonts/type1/pu
blic/amsfonts/cm/cmmi8.pfb><D:/MiKTex/fonts/type1/public/amsfonts/cm/cmr10.pfb>
<D:/MiKTex/fonts/type1/public/amsfonts/cm/cmr12.pfb><D:/MiKTex/fonts/type1/publ
ic/amsfonts/cm/cmr8.pfb><D:/MiKTex/fonts/type1/public/amsfonts/cm/cmr9.pfb><D:/
MiKTex/fonts/type1/public/amsfonts/cm/cmsy10.pfb><D:/MiKTex/fonts/type1/public/
amsfonts/cm/cmti10.pfb><D:/MiKTex/fonts/type1/public/amsfonts/cm/cmtt10.pfb>
Output written on main.pdf (11 pages, 278141 bytes).
PDF statistics:
 134 PDF objects out of 1000 (max. 8388607)
 0 named destinations out of 1000 (max. 500000)
 31 words of extra memory for PDF output out of 10000 (max. 10000000)

